WARNING:root:this is a warning message
ERROR:root:this is a error message
CRITICAL:root:this is a critical message
---

DEBUG:root:this is a debug message
INFO:root:this is a info message
WARNING:root:this is a warning message
ERROR:root:this is a error message
CRITICAL:root:this is a critical message
----
2016-05-26 06:54:29,451 - DEBUG - root - this is a debug message
2016-05-26 06:54:29,452 - INFO - root - this is a info message
2016-05-26 06:54:29,452 - WARNING - root - this is a warning message
2016-05-26 06:54:29,452 - ERROR - root - this is a error message
2016-05-26 06:54:29,452 - CRITICAL - root - this is a critical message
---
Thu May 26 06:56:45 2016 - DEBUG - root - this is a debug message
Thu May 26 06:56:45 2016 - INFO - root - this is a info message
Thu May 26 06:56:45 2016 - WARNING - root - this is a warning message
Thu May 26 06:56:45 2016 - ERROR - root - this is a error message
Thu May 26 06:56:45 2016 - CRITICAL - root - this is a critical message
Thu May 26 07:03:30 2016 - DEBUG - root - this is a debug message
Thu May 26 07:03:30 2016 - INFO - root - this is a info message
Thu May 26 07:03:30 2016 - WARNING - root - this is a warning message
Thu May 26 07:03:30 2016 - ERROR - root - this is a error message
Thu May 26 07:03:30 2016 - CRITICAL - root - this is a critical message
---
Thu May 26 07:03:37 2016 - INFO - root - The disk is looking very healty 55
---
Thu May 26 07:04:48 2016 - WARNING - root - The disk is getting filled up - 73
---------------------------------------------------------------------------------------

Thu May 26 18:11:48 2016 - CRITICAL - root - your application is down 90
